<?xml version="1.0" encoding="UTF-8"?>
<coverage generated="1634754256028" clover="3.2.0">
  <project timestamp="1634754256028" name="All files">
    <metrics statements="28" coveredstatements="16" conditionals="0" coveredconditionals="0" methods="5" coveredmethods="2" elements="33" coveredelements="18" complexity="0" loc="28" ncloc="28" packages="2" files="5" classes="5"/>
    <package name="components">
      <metrics statements="13" coveredstatements="6" conditionals="0" coveredconditionals="0" methods="0" coveredmethods="0"/>
      <file name="MerchantInfo.vue" path="/var/www/html/frontend/components/MerchantInfo.vue">
        <metrics statements="3" coveredstatements="3" conditionals="0" coveredconditionals="0" methods="0" coveredmethods="0"/>
        <line num="6" count="1" type="stmt"/>
        <line num="12" count="1" type="stmt"/>
        <line num="14" count="1" type="stmt"/>
      </file>
      <file name="PageLoader.vue" path="/var/www/html/frontend/components/PageLoader.vue">
        <metrics statements="3" coveredstatements="3" conditionals="0" coveredconditionals="0" methods="0" coveredmethods="0"/>
        <line num="7" count="1" type="stmt"/>
        <line num="11" count="1" type="stmt"/>
        <line num="13" count="1" type="stmt"/>
      </file>
      <file name="Product.vue" path="/var/www/html/frontend/components/Product.vue">
        <metrics statements="3" coveredstatements="0" conditionals="0" coveredconditionals="0" methods="0" coveredmethods="0"/>
        <line num="6" count="0" type="stmt"/>
        <line num="12" count="0" type="stmt"/>
        <line num="14" count="0" type="stmt"/>
      </file>
      <file name="ProductList.vue" path="/var/www/html/frontend/components/ProductList.vue">
        <metrics statements="4" coveredstatements="0" conditionals="0" coveredconditionals="0" methods="0" coveredmethods="0"/>
        <line num="12" count="0" type="stmt"/>
        <line num="13" count="0" type="stmt"/>
        <line num="22" count="0" type="stmt"/>
        <line num="24" count="0" type="stmt"/>
      </file>
    </package>
    <package name="pages">
      <metrics statements="15" coveredstatements="10" conditionals="0" coveredconditionals="0" methods="5" coveredmethods="2"/>
      <file name="index.vue" path="/var/www/html/frontend/pages/index.vue">
        <metrics statements="15" coveredstatements="10" conditionals="0" coveredconditionals="0" methods="5" coveredmethods="2"/>
        <line num="13" count="1" type="stmt"/>
        <line num="14" count="1" type="stmt"/>
        <line num="15" count="1" type="stmt"/>
        <line num="19" count="1" type="stmt"/>
        <line num="32" count="0" type="stmt"/>
        <line num="45" count="1" type="stmt"/>
        <line num="46" count="1" type="stmt"/>
        <line num="47" count="1" type="stmt"/>
        <line num="48" count="1" type="stmt"/>
        <line num="49" count="1" type="stmt"/>
        <line num="52" count="1" type="stmt"/>
        <line num="53" count="0" type="stmt"/>
        <line num="55" count="0" type="stmt"/>
        <line num="56" count="0" type="stmt"/>
        <line num="57" count="0" type="stmt"/>
      </file>
    </package>
  </project>
</coverage>
