TN:
SF:components/MerchantInfo.vue
FNF:0
FNH:0
DA:6,1
DA:12,1
DA:14,1
LF:3
LH:3
BRF:0
BRH:0
end_of_record
TN:
SF:components/PageLoader.vue
FNF:0
FNH:0
DA:7,1
DA:11,1
DA:13,1
LF:3
LH:3
BRF:0
BRH:0
end_of_record
TN:
SF:components/Product.vue
FNF:0
FNH:0
DA:6,0
DA:12,0
DA:14,0
LF:3
LH:0
BRF:0
BRH:0
end_of_record
TN:
SF:components/ProductList.vue
FNF:0
FNH:0
DA:12,0
DA:13,0
DA:22,0
DA:24,0
LF:4
LH:0
BRF:0
BRH:0
end_of_record
TN:
SF:pages/index.vue
FN:45,(anonymous_3)
FN:51,(anonymous_4)
FN:52,(anonymous_5)
FN:55,(anonymous_6)
FN:31,(anonymous_7)
FNF:5
FNH:2
FNDA:1,(anonymous_3)
FNDA:1,(anonymous_4)
FNDA:0,(anonymous_5)
FNDA:0,(anonymous_6)
FNDA:0,(anonymous_7)
DA:13,1
DA:14,1
DA:15,1
DA:19,1
DA:32,0
DA:45,1
DA:46,1
DA:47,1
DA:48,1
DA:49,1
DA:52,1
DA:53,0
DA:55,0
DA:56,0
DA:57,0
LF:15
LH:10
BRF:0
BRH:0
end_of_record
